<?xml version="1.0" encoding="UTF-8"?>
<!-- Generated by org.testng.reporters.JUnitXMLReporter -->
<testsuite hostname="LAPTOP-GJJ67V0L" ignored="0" name="Default test" tests="5" failures="0" timestamp="22 May 2020 14:55:33 GMT" time="84.434" errors="0">
  <testcase name="RegisterTest" time="17.543" classname="com.qa.testcases.TestAssignmemnt"/>
  <testcase name="LoginPageTest" time="5.19" classname="com.qa.testcases.TestAssignmemnt"/>
  <testcase name="shoppingTest" time="25.101" classname="com.qa.testcases.TestAssignmemnt"/>
  <testcase name="PaymentTest" time="8.351" classname="com.qa.testcases.TestAssignmemnt"/>
  <testcase name="OrderHistoryTest" time="2.539" classname="com.qa.testcases.TestAssignmemnt"/>
</testsuite> <!-- Default test -->
